<?xml version="1.0" encoding="UTF-8"?>
<testsuite xmlns:xsi="http://www.w3.org/2001/XMLSchema-instance" xsi:noNamespaceSchemaLocation="https://maven.apache.org/surefire/maven-surefire-plugin/xsd/surefire-test-report-3.0.xsd" version="3.0" name="TestSuite" time="58.501" tests="2" errors="0" skipped="0" failures="0">
  <properties>
[...]
</properties>
  <testcase name="productsearch" classname="testcases.EbayProdSearchTest" time="16.594"/>
  <testcase name="productsearch" classname="testcases.EbayCategoryProdSearchTest" time="32.786"/>
</testsuite>